CMD: /Users/lucasmuller/Desktop/Githubg/Rawls_v3/.venv/bin/python /Users/lucasmuller/Desktop/Githubg/Rawls_v3/main.py /Users/lucasmuller/Desktop/Githubg/Rawls_v3/hypothesis_testing/hypothesis_2/configs/chinese/hypothesis_2_chinese_condition_34_config.yaml /Users/lucasmuller/Desktop/Githubg/Rawls_v3/hypothesis_testing/hypothesis_2/results/chinese/hypothesis_2_chinese_condition_34_config_results.json
â•â•â•â•â•â•â•â•â•â•â•â•â•â•â•â•â•â•â•â•â•â•â•â•â•â•â•â•â•â•â•â•â•â•â•â•â•â•â•â•â•â•â•â•â•â•â•â•â•â•â•â•â•â•â•â•â•â•â•â•
ğŸ§ª FROHLICH EXPERIMENT STARTING
â•â•â•â•â•â•â•â•â•â•â•â•â•â•â•â•â•â•â•â•â•â•â•â•â•â•â•â•â•â•â•â•â•â•â•â•â•â•â•â•â•â•â•â•â•â•â•â•â•â•â•â•â•â•â•â•â•â•â•â•
Experiment ID: 414bceff
Participants: 3
Language: English
Max Phase 2 rounds: 10

ğŸ¤– Initializing Agents...
  âœ… Agent_1 (qwen3-next-80b-a3b-thinking)
  âœ… Agent_2 (deepseek-v3.2-exp)
  âœ… Agent_3 (deepseek-v3.2-exp)

âœ¨ All agents ready

ğŸ“– PHASE 1: Individual Familiarization
â”â”â”â”â”â”â”â”â”â”â”â”â”â”â”â”â”â”â”â”â”â”â”â”â”â”â”â”â”â”â”â”â”â”â”â”â”â”â”â”â”â”â”â”â”â”â”â”â”â”
Running parallel familiarization for 3 participants...

Traceback (most recent call last):
  File "/Library/Frameworks/Python.framework/Versions/3.11/lib/python3.11/asyncio/runners.py", line 118, in run
    return self._loop.run_until_complete(task)
           ^^^^^^^^^^^^^^^^^^^^^^^^^^^^^^^^^^^
  File "/Library/Frameworks/Python.framework/Versions/3.11/lib/python3.11/asyncio/base_events.py", line 653, in run_until_complete
    return future.result()
           ^^^^^^^^^^^^^^^
  File "/Users/lucasmuller/Desktop/Githubg/Rawls_v3/main.py", line 136, in main
    results = await experiment_manager.run_complete_experiment(process_logger)
              ^^^^^^^^^^^^^^^^^^^^^^^^^^^^^^^^^^^^^^^^^^^^^^^^^^^^^^^^^^^^^^^^
  File "/Users/lucasmuller/Desktop/Githubg/Rawls_v3/utils/error_handling.py", line 402, in async_wrapper
    return await func(*args, **kwargs)
           ^^^^^^^^^^^^^^^^^^^^^^^^^^^
  File "/Users/lucasmuller/Desktop/Githubg/Rawls_v3/core/experiment_manager.py", line 243, in run_complete_experiment
    phase1_results = await self.phase1_manager.run_phase1(self.config, self.agent_logger, process_logger)
                     ^^^^^^^^^^^^^^^^^^^^^^^^^^^^^^^^^^^^^^^^^^^^^^^^^^^^^^^^^^^^^^^^^^^^^^^^^^^^^^^^^^^^
  File "/Users/lucasmuller/Desktop/Githubg/Rawls_v3/core/phase1_manager.py", line 87, in run_phase1
    return await asyncio.gather(*tasks)
           ^^^^^^^^^^^^^^^^^^^^^^^^^^^^
  File "/Users/lucasmuller/Desktop/Githubg/Rawls_v3/core/phase1_manager.py", line 402, in _run_single_participant_phase1
    initial_ranking, ranking_content = await self._step_1_1_initial_ranking(participant, context, agent_config, config)
                                       ^^^^^^^^^^^^^^^^^^^^^^^^^^^^^^^^^^^^^^^^^^^^^^^^^^^^^^^^^^^^^^^^^^^^^^^^^^^^^^^^
  File "/Users/lucasmuller/Desktop/Githubg/Rawls_v3/core/phase1_manager.py", line 639, in _step_1_1_initial_ranking
    return await self._execute_ranking_with_retry(
           ^^^^^^^^^^^^^^^^^^^^^^^^^^^^^^^^^^^^^^^
  File "/Users/lucasmuller/Desktop/Githubg/Rawls_v3/core/phase1_manager.py", line 231, in _execute_ranking_with_retry
    result = await self._invoke_phase1_interaction(
             ^^^^^^^^^^^^^^^^^^^^^^^^^^^^^^^^^^^^^^
  File "/Users/lucasmuller/Desktop/Githubg/Rawls_v3/core/phase1_manager.py", line 195, in _invoke_phase1_interaction
    return await run_with_transcript_logging(
           ^^^^^^^^^^^^^^^^^^^^^^^^^^^^^^^^^^
  File "/Users/lucasmuller/Desktop/Githubg/Rawls_v3/utils/logging/transcript_logger.py", line 160, in run_with_transcript_logging
    result = await Runner.run(participant.agent, prompt, context=context)
             ^^^^^^^^^^^^^^^^^^^^^^^^^^^^^^^^^^^^^^^^^^^^^^^^^^^^^^^^^^^^
  File "/Users/lucasmuller/Desktop/Githubg/Rawls_v3/.venv/lib/python3.11/site-packages/agents/run.py", line 206, in run
    return await runner.run(
           ^^^^^^^^^^^^^^^^^
  File "/Users/lucasmuller/Desktop/Githubg/Rawls_v3/.venv/lib/python3.11/site-packages/agents/run.py", line 412, in run
    input_guardrail_results, turn_result = await asyncio.gather(
                                           ^^^^^^^^^^^^^^^^^^^^^
  File "/Users/lucasmuller/Desktop/Githubg/Rawls_v3/.venv/lib/python3.11/site-packages/agents/run.py", line 960, in _run_single_turn
    new_response = await cls._get_new_response(
                   ^^^^^^^^^^^^^^^^^^^^^^^^^^^^
  File "/Users/lucasmuller/Desktop/Githubg/Rawls_v3/.venv/lib/python3.11/site-packages/agents/run.py", line 1121, in _get_new_response
    new_response = await model.get_response(
                   ^^^^^^^^^^^^^^^^^^^^^^^^^
  File "/Users/lucasmuller/Desktop/Githubg/Rawls_v3/.venv/lib/python3.11/site-packages/agents/models/openai_chatcompletions.py", line 65, in get_response
    response = await self._fetch_response(
               ^^^^^^^^^^^^^^^^^^^^^^^^^^^
  File "/Users/lucasmuller/Desktop/Githubg/Rawls_v3/.venv/lib/python3.11/site-packages/agents/models/openai_chatcompletions.py", line 273, in _fetch_response
    ret = await self._get_client().chat.completions.create(
          ^^^^^^^^^^^^^^^^^^^^^^^^^^^^^^^^^^^^^^^^^^^^^^^^^
  File "/Users/lucasmuller/Desktop/Githubg/Rawls_v3/.venv/lib/python3.11/site-packages/openai/resources/chat/completions/completions.py", line 2454, in create
    return await self._post(
           ^^^^^^^^^^^^^^^^^
  File "/Users/lucasmuller/Desktop/Githubg/Rawls_v3/.venv/lib/python3.11/site-packages/openai/_base_client.py", line 1791, in post
    return await self.request(cast_to, opts, stream=stream, stream_cls=stream_cls)
           ^^^^^^^^^^^^^^^^^^^^^^^^^^^^^^^^^^^^^^^^^^^^^^^^^^^^^^^^^^^^^^^^^^^^^^^
  File "/Users/lucasmuller/Desktop/Githubg/Rawls_v3/.venv/lib/python3.11/site-packages/openai/_base_client.py", line 1526, in request
    response = await self._client.send(
               ^^^^^^^^^^^^^^^^^^^^^^^^
  File "/Users/lucasmuller/Desktop/Githubg/Rawls_v3/.venv/lib/python3.11/site-packages/httpx/_client.py", line 1643, in send
    raise exc
  File "/Users/lucasmuller/Desktop/Githubg/Rawls_v3/.venv/lib/python3.11/site-packages/httpx/_client.py", line 1637, in send
    await response.aread()
  File "/Users/lucasmuller/Desktop/Githubg/Rawls_v3/.venv/lib/python3.11/site-packages/httpx/_models.py", line 979, in aread
    self._content = b"".join([part async for part in self.aiter_bytes()])
                             ^^^^^^^^^^^^^^^^^^^^^^^^^^^^^^^^^^^^^^^^^^^
  File "/Users/lucasmuller/Desktop/Githubg/Rawls_v3/.venv/lib/python3.11/site-packages/httpx/_models.py", line 979, in <listcomp>
    self._content = b"".join([part async for part in self.aiter_bytes()])
                             ^^^^^^^^^^^^^^^^^^^^^^^^^^^^^^^^^^^^^^^^^^^
  File "/Users/lucasmuller/Desktop/Githubg/Rawls_v3/.venv/lib/python3.11/site-packages/httpx/_models.py", line 997, in aiter_bytes
    async for raw_bytes in self.aiter_raw():
  File "/Users/lucasmuller/Desktop/Githubg/Rawls_v3/.venv/lib/python3.11/site-packages/httpx/_models.py", line 1055, in aiter_raw
    async for raw_stream_bytes in self.stream:
  File "/Users/lucasmuller/Desktop/Githubg/Rawls_v3/.venv/lib/python3.11/site-packages/httpx/_client.py", line 176, in __aiter__
    async for chunk in self._stream:
  File "/Users/lucasmuller/Desktop/Githubg/Rawls_v3/.venv/lib/python3.11/site-packages/httpx/_transports/default.py", line 271, in __aiter__
    async for part in self._httpcore_stream:
  File "/Users/lucasmuller/Desktop/Githubg/Rawls_v3/.venv/lib/python3.11/site-packages/httpcore/_async/connection_pool.py", line 407, in __aiter__
    raise exc from None
  File "/Users/lucasmuller/Desktop/Githubg/Rawls_v3/.venv/lib/python3.11/site-packages/httpcore/_async/connection_pool.py", line 403, in __aiter__
    async for part in self._stream:
  File "/Users/lucasmuller/Desktop/Githubg/Rawls_v3/.venv/lib/python3.11/site-packages/httpcore/_async/http11.py", line 342, in __aiter__
    raise exc
  File "/Users/lucasmuller/Desktop/Githubg/Rawls_v3/.venv/lib/python3.11/site-packages/httpcore/_async/http11.py", line 334, in __aiter__
    async for chunk in self._connection._receive_response_body(**kwargs):
  File "/Users/lucasmuller/Desktop/Githubg/Rawls_v3/.venv/lib/python3.11/site-packages/httpcore/_async/http11.py", line 203, in _receive_response_body
    event = await self._receive_event(timeout=timeout)
            ^^^^^^^^^^^^^^^^^^^^^^^^^^^^^^^^^^^^^^^^^^
  File "/Users/lucasmuller/Desktop/Githubg/Rawls_v3/.venv/lib/python3.11/site-packages/httpcore/_async/http11.py", line 217, in _receive_event
    data = await self._network_stream.read(
           ^^^^^^^^^^^^^^^^^^^^^^^^^^^^^^^^
  File "/Users/lucasmuller/Desktop/Githubg/Rawls_v3/.venv/lib/python3.11/site-packages/httpcore/_backends/anyio.py", line 35, in read
    return await self._stream.receive(max_bytes=max_bytes)
           ^^^^^^^^^^^^^^^^^^^^^^^^^^^^^^^^^^^^^^^^^^^^^^^
  File "/Users/lucasmuller/Desktop/Githubg/Rawls_v3/.venv/lib/python3.11/site-packages/anyio/streams/tls.py", line 219, in receive
    data = await self._call_sslobject_method(self._ssl_object.read, max_bytes)
           ^^^^^^^^^^^^^^^^^^^^^^^^^^^^^^^^^^^^^^^^^^^^^^^^^^^^^^^^^^^^^^^^^^^
  File "/Users/lucasmuller/Desktop/Githubg/Rawls_v3/.venv/lib/python3.11/site-packages/anyio/streams/tls.py", line 162, in _call_sslobject_method
    data = await self.transport_stream.receive()
           ^^^^^^^^^^^^^^^^^^^^^^^^^^^^^^^^^^^^^
  File "/Users/lucasmuller/Desktop/Githubg/Rawls_v3/.venv/lib/python3.11/site-packages/anyio/_backends/_asyncio.py", line 1254, in receive
    await self._protocol.read_event.wait()
  File "/Library/Frameworks/Python.framework/Versions/3.11/lib/python3.11/asyncio/locks.py", line 213, in wait
    await fut
asyncio.exceptions.CancelledError

During handling of the above exception, another exception occurred:

Traceback (most recent call last):
  File "/Users/lucasmuller/Desktop/Githubg/Rawls_v3/main.py", line 191, in <module>
    asyncio.run(main())
  File "/Library/Frameworks/Python.framework/Versions/3.11/lib/python3.11/asyncio/runners.py", line 190, in run
    return runner.run(main)
           ^^^^^^^^^^^^^^^^
  File "/Library/Frameworks/Python.framework/Versions/3.11/lib/python3.11/asyncio/runners.py", line 123, in run
    raise KeyboardInterrupt()
KeyboardInterrupt

RETURN CODE: -2  DURATION: 21.9s
